{"numFailedTestSuites":1,"numFailedTests":2,"numPassedTestSuites":0,"numPassedTests":1,"numPendingTestSuites":0,"numPendingTests":0,"numRuntimeErrorTestSuites":0,"numTodoTests":0,"numTotalTestSuites":1,"numTotalTests":3,"openHandles":[],"snapshot":{"added":0,"didUpdate":false,"failure":false,"filesAdded":0,"filesRemoved":0,"filesRemovedList":[],"filesUnmatched":0,"filesUpdated":0,"matched":0,"total":0,"unchecked":0,"uncheckedKeysByFile":[],"unmatched":0,"updated":0},"startTime":1771619978292,"success":false,"testResults":[{"assertionResults":[{"ancestorTitles":["Payment Feature Flag logic"],"duration":91,"failing":false,"failureDetails":[{"matcherResult":{"actual":400,"expected":200,"message":"expect(received).toBe(expected) // Object.is equality\n\nExpected: 200\nReceived: 400","name":"toBe","pass":false}}],"failureMessages":["Error: expect(received).toBe(expected) // Object.is equality\n\nExpected: 200\nReceived: 400\n    at Object.toBe (C:\\Users\\Samsung\\.gemini\\antigravity\\scratch\\transport-booking-app\\server\\__tests__\\payments.test.js:17:32)\n    at processTicksAndRejections (node:internal/process/task_queues:103:5)"],"fullName":"Payment Feature Flag logic arrival booking works","invocations":1,"location":null,"numPassingAsserts":0,"retryReasons":[],"startAt":1771619979492,"status":"failed","title":"arrival booking works"},{"ancestorTitles":["Payment Feature Flag logic"],"duration":37,"failing":false,"failureDetails":[],"failureMessages":[],"fullName":"Payment Feature Flag logic online booking blocked when disabled","invocations":1,"location":null,"numPassingAsserts":2,"retryReasons":[],"startAt":1771619979594,"status":"passed","title":"online booking blocked when disabled"},{"ancestorTitles":["Payment Feature Flag logic"],"duration":29,"failing":false,"failureDetails":[{"matcherResult":{"actual":400,"expected":200,"message":"expect(received).toBe(expected) // Object.is equality\n\nExpected: 200\nReceived: 400","name":"toBe","pass":false}}],"failureMessages":["Error: expect(received).toBe(expected) // Object.is equality\n\nExpected: 200\nReceived: 400\n    at Object.toBe (C:\\Users\\Samsung\\.gemini\\antigravity\\scratch\\transport-booking-app\\server\\__tests__\\payments.test.js:59:32)\n    at processTicksAndRejections (node:internal/process/task_queues:103:5)"],"fullName":"Payment Feature Flag logic enable payments and online booking allowed","invocations":1,"location":null,"numPassingAsserts":0,"retryReasons":[],"startAt":1771619979632,"status":"failed","title":"enable payments and online booking allowed"}],"endTime":1771619979675,"message":"  ● Payment Feature Flag logic › arrival booking works\n\n    expect(received).toBe(expected) // Object.is equality\n\n    Expected: 200\n    Received: 400\n\n    \u001b[0m \u001b[90m 15 |\u001b[39m                 payment_method\u001b[33m:\u001b[39m \u001b[32m\"arrival\"\u001b[39m\n     \u001b[90m 16 |\u001b[39m             })\u001b[33m;\u001b[39m\n    \u001b[31m\u001b[1m>\u001b[22m\u001b[39m\u001b[90m 17 |\u001b[39m         expect(res\u001b[33m.\u001b[39mstatusCode)\u001b[33m.\u001b[39mtoBe(\u001b[35m200\u001b[39m)\u001b[33m;\u001b[39m\n     \u001b[90m    |\u001b[39m                                \u001b[31m\u001b[1m^\u001b[22m\u001b[39m\n     \u001b[90m 18 |\u001b[39m         expect(res\u001b[33m.\u001b[39mbody\u001b[33m.\u001b[39mmessage)\u001b[33m.\u001b[39mtoBe(\u001b[32m\"Booking created successfully\"\u001b[39m)\u001b[33m;\u001b[39m\n     \u001b[90m 19 |\u001b[39m     })\u001b[33m;\u001b[39m\n     \u001b[90m 20 |\u001b[39m\u001b[0m\n\n      at Object.toBe (__tests__/payments.test.js:17:32)\n\n  ● Payment Feature Flag logic › enable payments and online booking allowed\n\n    expect(received).toBe(expected) // Object.is equality\n\n    Expected: 200\n    Received: 400\n\n    \u001b[0m \u001b[90m 57 |\u001b[39m                 payment_method\u001b[33m:\u001b[39m \u001b[32m\"online\"\u001b[39m\n     \u001b[90m 58 |\u001b[39m             })\u001b[33m;\u001b[39m\n    \u001b[31m\u001b[1m>\u001b[22m\u001b[39m\u001b[90m 59 |\u001b[39m         expect(res\u001b[33m.\u001b[39mstatusCode)\u001b[33m.\u001b[39mtoBe(\u001b[35m200\u001b[39m)\u001b[33m;\u001b[39m\n     \u001b[90m    |\u001b[39m                                \u001b[31m\u001b[1m^\u001b[22m\u001b[39m\n     \u001b[90m 60 |\u001b[39m         expect(res\u001b[33m.\u001b[39mbody\u001b[33m.\u001b[39mmessage)\u001b[33m.\u001b[39mtoBe(\u001b[32m\"Booking created successfully\"\u001b[39m)\u001b[33m;\u001b[39m\n     \u001b[90m 61 |\u001b[39m     })\u001b[33m;\u001b[39m\n     \u001b[90m 62 |\u001b[39m\u001b[0m\n\n      at Object.toBe (__tests__/payments.test.js:59:32)\n","name":"C:\\Users\\Samsung\\.gemini\\antigravity\\scratch\\transport-booking-app\\server\\__tests__\\payments.test.js","startTime":1771619978376,"status":"failed","summary":""}],"wasInterrupted":false}
